1663185904922	geckodriver	INFO	Listening on 127.0.0.1:58501
1663185907958	mozrunner::runner	INFO	Running command: "C:\\Program Files\\Mozilla Firefox\\firefox.exe" "--marionette" "--remote-debugging-port" "58502" "--remote-allow-hosts" "localhost" "-no-remote" "-profile" "C:\\Users\\Ryoma\\AppData\\Local\\Temp\\rust_mozprofileett7G5"
1663185908223	Marionette	INFO	Marionette enabled
1663185908227	Marionette	INFO	Listening on port 58511
WebDriver BiDi listening on ws://localhost:58502
Read port: 58511
1663185908349	RemoteAgent	WARN	TLS certificate errors will be ignored for this session
console.warn: SearchSettings: "get: No settings file exists, new profile?" (new NotFoundError("Could not open the file at C:\\Users\\Ryoma\\AppData\\Local\\Temp\\rust_mozprofileett7G5\\search.json.mozlz4", (void 0)))
DevTools listening on ws://localhost:58502/devtools/browser/50377946-13ce-48d2-82c3-bd0a76279dde
JavaScript error: resource://gre/modules/URIFixup.jsm, line 292: NS_ERROR_FAILURE: Should pass a non-null uri
JavaScript warning: https://authentication.taboola.com/authentication/resources/authentication.main.js?build_version=20220911.3-RELEASE, line 11: WEBGL_debug_renderer_info is deprecated in Firefox and will be removed. Please use RENDERER.
JavaScript warning: https://authentication.taboola.com/authentication/resources/authentication.main.js?build_version=20220911.3-RELEASE, line 11: WEBGL_debug_renderer_info is deprecated in Firefox and will be removed. Please use RENDERER.
console.warn: LoginRecipes: "Falling back to a synchronous message for: https://authentication.taboola.com."
console.warn: LoginRecipes: "Falling back to a synchronous message for: https://authentication.taboola.com."
JavaScript warning: https://authentication.taboola.com/authentication/resources/authentication.main.js?build_version=20220911.3-RELEASE, line 11: WEBGL_debug_renderer_info is deprecated in Firefox and will be removed. Please use RENDERER.
JavaScript warning: https://authentication.taboola.com/authentication/resources/authentication.main.js?build_version=20220911.3-RELEASE, line 11: WEBGL_debug_renderer_info is deprecated in Firefox and will be removed. Please use RENDERER.
JavaScript error: https://cdn.taboola.com/libtrc/creativepreview/loader.js, line 30: TypeError: t.TRCImpl.getGlobalSessionData is undefined
JavaScript error: , line 0: NS_ERROR_NOT_AVAILABLE
JavaScript error: https://cdn.taboola.com/libtrc/creativepreview/loader.js, line 30: TypeError: t.TRCImpl.getGlobalSessionData is undefined
1663187724096	Marionette	WARN	TimedPromise timed out after 500 ms: stacktrace:
TimedPromise/<@chrome://remote/content/marionette/sync.js:236:24
TimedPromise@chrome://remote/content/marionette/sync.js:221:10
interaction.flushEventLoop@chrome://remote/content/marionette/interaction.js:431:10
webdriverClickElement@chrome://remote/content/marionette/interaction.js:179:31
JavaScript error: https://cdn.taboola.com/libtrc/creativepreview/loader.js, line 30: TypeError: t.TRCImpl.getGlobalSessionData is undefined
JavaScript error: https://cdn.taboola.com/libtrc/creativepreview/loader.js, line 30: TypeError: t.TRCImpl.getGlobalSessionData is undefined
JavaScript error: https://cdn.taboola.com/libtrc/creativepreview/loader.js, line 30: TypeError: t.TRCImpl.getGlobalSessionData is undefined
JavaScript error: https://cdn.taboola.com/libtrc/creativepreview/loader.js, line 30: TypeError: t.TRCImpl.getGlobalSessionData is undefined
1663187834509	Marionette	WARN	TimedPromise timed out after 500 ms: stacktrace:
TimedPromise/<@chrome://remote/content/marionette/sync.js:236:24
TimedPromise@chrome://remote/content/marionette/sync.js:221:10
interaction.flushEventLoop@chrome://remote/content/marionette/interaction.js:431:10
webdriverClickElement@chrome://remote/content/marionette/interaction.js:179:31
JavaScript error: https://cdn.taboola.com/libtrc/creativepreview/loader.js, line 30: TypeError: t.TRCImpl.getGlobalSessionData is undefined
JavaScript error: https://cdn.taboola.com/libtrc/creativepreview/loader.js, line 30: TypeError: t.TRCImpl.getGlobalSessionData is undefined
JavaScript error: resource://gre/modules/AsyncShutdown.jsm, line 576: NotFoundError: No such JSWindowActor 'DevToolsFrame'
JavaScript error: resource://gre/modules/AsyncShutdown.jsm, line 576: NotFoundError: No such JSWindowActor 'DevToolsFrame'
JavaScript error: resource://gre/modules/AsyncShutdown.jsm, line 576: NotFoundError: No such JSWindowActor 'DevToolsFrame'
JavaScript error: resource://gre/modules/AsyncShutdown.jsm, line 576: NotFoundError: No such JSWindowActor 'DevToolsFrame'
JavaScript error: resource://gre/modules/AsyncShutdown.jsm, line 576: NotFoundError: No such JSWindowActor 'DevToolsFrame'
JavaScript error: resource://gre/modules/AsyncShutdown.jsm, line 576: NotFoundError: No such JSWindowActor 'DevToolsFrame'
JavaScript error: resource://gre/modules/AsyncShutdown.jsm, line 576: NotFoundError: No such JSWindowActor 'DevToolsFrame'
JavaScript error: resource://gre/modules/AsyncShutdown.jsm, line 576: NotFoundError: No such JSWindowActor 'DevToolsFrame'
JavaScript error: resource://gre/modules/AsyncShutdown.jsm, line 576: NotFoundError: No such JSWindowActor 'DevToolsFrame'
JavaScript error: resource://gre/modules/AsyncShutdown.jsm, line 576: NotFoundError: No such JSWindowActor 'DevToolsFrame'
JavaScript error: resource://gre/modules/AsyncShutdown.jsm, line 576: NotFoundError: No such JSWindowActor 'DevToolsFrame'
1663193095027	Marionette	INFO	Stopped listening on port 58511
