1663017238513	geckodriver	INFO	Listening on 127.0.0.1:61060
1663017241545	mozrunner::runner	INFO	Running command: "C:\\Program Files\\Mozilla Firefox\\firefox.exe" "--marionette" "-headless" "--remote-debugging-port" "61061" "--remote-allow-hosts" "localhost" "-no-remote" "-profile" "C:\\Users\\Ryoma\\AppData\\Local\\Temp\\rust_mozprofileGN9ver"
*** You are running in headless mode.
1663017241804	Marionette	INFO	Marionette enabled
1663017241808	Marionette	INFO	Listening on port 61073
WebDriver BiDi listening on ws://localhost:61061
Read port: 61073
1663017241994	RemoteAgent	WARN	TLS certificate errors will be ignored for this session
[GFX1-]: RenderCompositorSWGL failed mapping default framebuffer, no dt
console.warn: SearchSettings: "get: No settings file exists, new profile?" (new NotFoundError("Could not open the file at C:\\Users\\Ryoma\\AppData\\Local\\Temp\\rust_mozprofileGN9ver\\search.json.mozlz4", (void 0)))
DevTools listening on ws://localhost:61061/devtools/browser/7297b843-2bc7-44f6-8ee7-f16e975aac8e
console.warn: LoginRecipes: "Falling back to a synchronous message for: https://invest.xandr.com."
console.warn: LoginRecipes: "Falling back to a synchronous message for: https://login.xandr.com."
console.warn: LoginRecipes: "Falling back to a synchronous message for: https://login.xandr.com."
1663017274067	Marionette	INFO	Stopped listening on port 61073
1663017382743	geckodriver	INFO	Listening on 127.0.0.1:61145
1663017385800	mozrunner::runner	INFO	Running command: "C:\\Program Files\\Mozilla Firefox\\firefox.exe" "--marionette" "--remote-debugging-port" "61146" "--remote-allow-hosts" "localhost" "-no-remote" "-profile" "C:\\Users\\Ryoma\\AppData\\Local\\Temp\\rust_mozprofileFAvA3D"
1663017386055	Marionette	INFO	Marionette enabled
1663017386059	Marionette	INFO	Listening on port 61155
WebDriver BiDi listening on ws://localhost:61146
Read port: 61155
1663017386182	RemoteAgent	WARN	TLS certificate errors will be ignored for this session
console.warn: SearchSettings: "get: No settings file exists, new profile?" (new NotFoundError("Could not open the file at C:\\Users\\Ryoma\\AppData\\Local\\Temp\\rust_mozprofileFAvA3D\\search.json.mozlz4", (void 0)))
DevTools listening on ws://localhost:61146/devtools/browser/2959f0d5-9eac-483e-a811-da6f0cfd931f
JavaScript error: resource://gre/modules/URIFixup.jsm, line 292: NS_ERROR_FAILURE: Should pass a non-null uri
console.warn: LoginRecipes: "Falling back to a synchronous message for: https://accounts.google.com."
JavaScript warning: https://accounts.google.com/v3/signin/identifier?dsh=S889695142%3A1663017387824107&continue=https%3A%2F%2Fdisplayvideo.google.com%2F&followup=https%3A%2F%2Fdisplayvideo.google.com%2F&passive=1209600&service=xbid&flowName=GlifWebSignIn&flowEntry=ServiceLogin&ifkv=AQDHYWp9yTbJwjiYBk7SSdgS0im2zGdZHRDkmYan7mZwm49DwZbxFkTq7MkkALDPOFGpBJQ8hdTEOw line 695 > injectedScript line 2 > eval line 1878 > eval line 1 > eval line 1 > eval, line 1: WEBGL_debug_renderer_info is deprecated in Firefox and will be removed. Please use RENDERER.
console.warn: LoginRecipes: "Falling back to a synchronous message for: https://accounts.google.com."
console.warn: LoginRecipes: "Falling back to a synchronous message for: https://login.microsoftonline.com."
console.warn: LoginRecipes: "Falling back to a synchronous message for: https://login.microsoftonline.com."
console.warn: LoginRecipes: "Falling back to a synchronous message for: https://login.microsoftonline.com."
console.warn: LoginRecipes: "Falling back to a synchronous message for: https://login.microsoftonline.com."
console.warn: LoginRecipes: "Falling back to a synchronous message for: https://login.microsoftonline.com."
1663017425507	Marionette	WARN	Ignoring event 'DOMContentLoaded' because document has an invalid readyState of 'complete'.
JavaScript warning: https://accounts.google.com/signin/continue?sarp=1&scc=0&continue=https%3A%2F%2Fdisplayvideo.google.com%2F&plt=AKgnsbvwNh6arYcoytM7tbUgoOAYh-Wca9LsErFJA8TqOvq5vTf3GdW2KHo_vJtPGTBBPwyQqFIre9o86MZ_I0DTqMf5upaJRpz8FFxjbfAP3rPWXRsbvfoarUoKB20aMHwvuGGTorRT&PersistentCookie=1&service=xbid&checkedDomains=youtube&checkConnection=youtube%3A123%3A1 line 2 > eval line 4596 > eval line 1 > eval line 1 > eval, line 1: WEBGL_debug_renderer_info is deprecated in Firefox and will be removed. Please use RENDERER.
console.warn: LoginRecipes: "Falling back to a synchronous message for: https://accounts.google.com."
1663017492041	Marionette	WARN	TimedPromise timed out after 500 ms: stacktrace:
TimedPromise/<@chrome://remote/content/marionette/sync.js:236:24
TimedPromise@chrome://remote/content/marionette/sync.js:221:10
interaction.flushEventLoop@chrome://remote/content/marionette/interaction.js:431:10
webdriverClickElement@chrome://remote/content/marionette/interaction.js:179:31
1663017514474	Marionette	WARN	TimedPromise timed out after 500 ms: stacktrace:
TimedPromise/<@chrome://remote/content/marionette/sync.js:236:24
TimedPromise@chrome://remote/content/marionette/sync.js:221:10
interaction.flushEventLoop@chrome://remote/content/marionette/interaction.js:431:10
webdriverClickElement@chrome://remote/content/marionette/interaction.js:179:31
1663018798139	Marionette	INFO	Stopped listening on port 61155
[Parent 27532, IPC I/O Parent] WARNING: file /builds/worker/checkouts/gecko/ipc/chromium/src/base/process_util_win.cc:167
1663018969806	geckodriver	INFO	Listening on 127.0.0.1:61324
1663018972844	mozrunner::runner	INFO	Running command: "C:\\Program Files\\Mozilla Firefox\\firefox.exe" "--marionette" "--remote-debugging-port" "61325" "--remote-allow-hosts" "localhost" "-no-remote" "-profile" "C:\\Users\\Ryoma\\AppData\\Local\\Temp\\rust_mozprofilerC5sp0"
1663018973105	Marionette	INFO	Marionette enabled
1663018973109	Marionette	INFO	Listening on port 61334
WebDriver BiDi listening on ws://localhost:61325
Read port: 61334
1663018973224	RemoteAgent	WARN	TLS certificate errors will be ignored for this session
console.warn: SearchSettings: "get: No settings file exists, new profile?" (new NotFoundError("Could not open the file at C:\\Users\\Ryoma\\AppData\\Local\\Temp\\rust_mozprofilerC5sp0\\search.json.mozlz4", (void 0)))
DevTools listening on ws://localhost:61325/devtools/browser/92b0c6e0-e81b-4b96-9d64-0082c2b2937b
JavaScript error: https://www.xaxis.com/, line 680: SyntaxError: expected expression, got '<'
JavaScript error: https://www.xaxis.com/, line 680: SyntaxError: expected expression, got '<'
JavaScript error: https://www.xaxis.com/, line 680: SyntaxError: expected expression, got '<'
JavaScript error: https://www.xaxis.com/artificial-intelligence/, line 598: SyntaxError: expected expression, got '<'
JavaScript error: https://www.xaxis.com/solutions/, line 618: SyntaxError: expected expression, got '<'
JavaScript error: https://www.xaxis.com/services-and-solutions/outcome-media/, line 597: SyntaxError: expected expression, got '<'
1663019392499	Marionette	INFO	Stopped listening on port 61334
